# JRE version: OpenJDK Runtime Environment Temurin-21.0.8+9 (21.0.8+9) (build 21.0.8+9-LTS)
# Java VM: OpenJDK 64-Bit Server VM Temurin-21.0.8+9 (21.0.8+9-LTS, mixed mode, sharing, tiered, compressed oops, compressed class ptrs, g1 gc, windows-amd64)
GC Precious Log:
 CardTable entry size: 512
 Card Set container configuration: InlinePtr #cards 4 size 8 Array Of Cards #cards 32 size 80 Howl #buckets 8 coarsen threshold 7372 Howl Bitmap #cards 1024 size 144 coarsen threshold 921 Card regions per heap region 1 cards per card region 8192
 CPUs: 4 total, 4 available
 Memory: 12010M
 Large Page Support: Disabled
 NUMA Support: Disabled
 Compressed Oops: Enabled (Zero based)
 Heap Region Size: 4M
 Heap Min Capacity: 8M
 Heap Initial Capacity: 188M
 Heap Max Capacity: 8G
 Pre-touch: Disabled
 Parallel Workers: 4
 Concurrent Workers: 1
 Concurrent Refinement Workers: 4
 Periodic GC: Disabled
Heap:
 garbage-first heap   total 229376K, used 165077K [0x0000000600000000, 0x0000000800000000)
  region size 4096K, 8 young (32768K), 3 survivors (12288K)
 Metaspace       used 100917K, committed 103424K, reserved 1179648K
  class space    used 14128K, committed 15360K, reserved 1048576K
GC Heap History (20 events):
Event: 197.454 GC heap before
{Heap before GC invocations=44 (full 0):
 garbage-first heap   total 151552K, used 133464K [0x0000000600000000, 0x0000000800000000)
  region size 4096K, 12 young (49152K), 1 survivors (4096K)
 Metaspace       used 87116K, committed 89472K, reserved 1179648K
  class space    used 12387K, committed 13568K, reserved 1048576K
}
Event: 197.472 GC heap after
{Heap after GC invocations=45 (full 0):
 garbage-first heap   total 159744K, used 105012K [0x0000000600000000, 0x0000000800000000)
  region size 4096K, 2 young (8192K), 2 survivors (8192K)
 Metaspace       used 87116K, committed 89472K, reserved 1179648K
  class space    used 12387K, committed 13568K, reserved 1048576K
}
Event: 199.099 GC heap before
{Heap before GC invocations=45 (full 0):
 garbage-first heap   total 159744K, used 133684K [0x0000000600000000, 0x0000000800000000)
  region size 4096K, 10 young (40960K), 2 survivors (8192K)
 Metaspace       used 89180K, committed 91520K, reserved 1179648K
  class space    used 12641K, committed 13824K, reserved 1048576K
}
Event: 199.104 GC heap after
{Heap after GC invocations=46 (full 0):
 garbage-first heap   total 159744K, used 111441K [0x0000000600000000, 0x0000000800000000)
  region size 4096K, 2 young (8192K), 2 survivors (8192K)
 Metaspace       used 89180K, committed 91520K, reserved 1179648K
  class space    used 12641K, committed 13824K, reserved 1048576K
}
Event: 199.632 GC heap before
{Heap before GC invocations=47 (full 0):
 garbage-first heap   total 192512K, used 136017K [0x0000000600000000, 0x0000000800000000)
  region size 4096K, 8 young (32768K), 2 survivors (8192K)
 Metaspace       used 91536K, committed 93888K, reserved 1179648K
  class space    used 12884K, committed 14016K, reserved 1048576K
}
Event: 199.636 GC heap after
{Heap after GC invocations=48 (full 0):
 garbage-first heap   total 192512K, used 111499K [0x0000000600000000, 0x0000000800000000)
  region size 4096K, 1 young (4096K), 1 survivors (4096K)
 Metaspace       used 91536K, committed 93888K, reserved 1179648K
  class space    used 12884K, committed 14016K, reserved 1048576K
}
Event: 200.702 GC heap before
{Heap before GC invocations=48 (full 0):
 garbage-first heap   total 192512K, used 156555K [0x0000000600000000, 0x0000000800000000)
  region size 4096K, 13 young (53248K), 1 survivors (4096K)
 Metaspace       used 93918K, committed 96320K, reserved 1179648K
  class space    used 13202K, committed 14400K, reserved 1048576K
}
Event: 200.710 GC heap after
{Heap after GC invocations=49 (full 0):
 garbage-first heap   total 192512K, used 113918K [0x0000000600000000, 0x0000000800000000)
  region size 4096K, 2 young (8192K), 2 survivors (8192K)
 Metaspace       used 93918K, committed 96320K, reserved 1179648K
  class space    used 13202K, committed 14400K, reserved 1048576K
}
Event: 202.280 GC heap before
{Heap before GC invocations=49 (full 0):
 garbage-first heap   total 192512K, used 158974K [0x0000000600000000, 0x0000000800000000)
  region size 4096K, 14 young (57344K), 2 survivors (8192K)
 Metaspace       used 97594K, committed 99968K, reserved 1179648K
  class space    used 13682K, committed 14848K, reserved 1048576K
}
Event: 202.287 GC heap after
{Heap after GC invocations=50 (full 0):
 garbage-first heap   total 192512K, used 116900K [0x0000000600000000, 0x0000000800000000)
  region size 4096K, 1 young (4096K), 1 survivors (4096K)
 Metaspace       used 97594K, committed 99968K, reserved 1179648K
  class space    used 13682K, committed 14848K, reserved 1048576K
}
Event: 204.649 GC heap before
{Heap before GC invocations=51 (full 0):
 garbage-first heap   total 200704K, used 174244K [0x0000000600000000, 0x0000000800000000)
  region size 4096K, 14 young (57344K), 1 survivors (4096K)
 Metaspace       used 99459K, committed 101952K, reserved 1179648K
  class space    used 13947K, committed 15168K, reserved 1048576K
}
Event: 204.659 GC heap after
{Heap after GC invocations=52 (full 0):
 garbage-first heap   total 200704K, used 124930K [0x0000000600000000, 0x0000000800000000)
  region size 4096K, 2 young (8192K), 2 survivors (8192K)
 Metaspace       used 99459K, committed 101952K, reserved 1179648K
  class space    used 13947K, committed 15168K, reserved 1048576K
}
Event: 209.877 GC heap before
{Heap before GC invocations=52 (full 0):
 garbage-first heap   total 200704K, used 178178K [0x0000000600000000, 0x0000000800000000)
  region size 4096K, 15 young (61440K), 2 survivors (8192K)
 Metaspace       used 100029K, committed 102528K, reserved 1179648K
  class space    used 13998K, committed 15232K, reserved 1048576K
}
Event: 209.891 GC heap after
{Heap after GC invocations=53 (full 0):
 garbage-first heap   total 200704K, used 128792K [0x0000000600000000, 0x0000000800000000)
  region size 4096K, 2 young (8192K), 2 survivors (8192K)
 Metaspace       used 100029K, committed 102528K, reserved 1179648K
  class space    used 13998K, committed 15232K, reserved 1048576K
}
Event: 212.765 GC heap before
{Heap before GC invocations=53 (full 0):
 garbage-first heap   total 200704K, used 177944K [0x0000000600000000, 0x0000000800000000)
  region size 4096K, 14 young (57344K), 2 survivors (8192K)
 Metaspace       used 100046K, committed 102528K, reserved 1179648K
  class space    used 13998K, committed 15232K, reserved 1048576K
}
Event: 212.777 GC heap after
{Heap after GC invocations=54 (full 0):
 garbage-first heap   total 200704K, used 132604K [0x0000000600000000, 0x0000000800000000)
  region size 4096K, 1 young (4096K), 1 survivors (4096K)
 Metaspace       used 100046K, committed 102528K, reserved 1179648K
  class space    used 13998K, committed 15232K, reserved 1048576K
}
Event: 215.495 GC heap before
{Heap before GC invocations=55 (full 0):
 garbage-first heap   total 225280K, used 173564K [0x0000000600000000, 0x0000000800000000)
  region size 4096K, 12 young (49152K), 1 survivors (4096K)
 Metaspace       used 100048K, committed 102528K, reserved 1179648K
  class space    used 13999K, committed 15232K, reserved 1048576K
}
Event: 215.501 GC heap after
{Heap after GC invocations=56 (full 0):
 garbage-first heap   total 225280K, used 133463K [0x0000000600000000, 0x0000000800000000)
  region size 4096K, 1 young (4096K), 1 survivors (4096K)
 Metaspace       used 100048K, committed 102528K, reserved 1179648K
  class space    used 13999K, committed 15232K, reserved 1048576K
}
Event: 235.578 GC heap before
{Heap before GC invocations=56 (full 0):
 garbage-first heap   total 225280K, used 203095K [0x0000000600000000, 0x0000000800000000)
  region size 4096K, 18 young (73728K), 1 survivors (4096K)
 Metaspace       used 100880K, committed 103360K, reserved 1179648K
  class space    used 14123K, committed 15360K, reserved 1048576K
}
Event: 236.593 GC heap after
{Heap after GC invocations=57 (full 0):
 garbage-first heap   total 229376K, used 148693K [0x0000000600000000, 0x0000000800000000)
  region size 4096K, 3 young (12288K), 3 survivors (12288K)
 Metaspace       used 100880K, committed 103360K, reserved 1179648K
  class space    used 14123K, committed 15360K, reserved 1048576K
}

